[2021-01-28 16:45:35.428] [exthost] [info] extension host started
[2021-01-28 16:45:35.447] [exthost] [info] ExtensionService#_doActivateExtension vscode.microsoft-authentication {"startup":false,"extensionId":{"value":"vscode.microsoft-authentication","_lower":"vscode.microsoft-authentication"},"activationEvent":"onAuthenticationRequest:microsoft"}
[2021-01-28 16:45:35.448] [exthost] [info] ExtensionService#loadCommonJSModule file:///Applications/Visual Studio Code.app/Contents/Resources/app/extensions/microsoft-authentication/dist/extension.js
[2021-01-28 16:45:35.463] [exthost] [info] ExtensionService#_doActivateExtension vscode.debug-auto-launch {"startup":true,"extensionId":{"value":"vscode.debug-auto-launch","_lower":"vscode.debug-auto-launch"},"activationEvent":"*"}
[2021-01-28 16:45:35.463] [exthost] [info] ExtensionService#loadCommonJSModule file:///Applications/Visual Studio Code.app/Contents/Resources/app/extensions/debug-auto-launch/dist/extension
[2021-01-28 16:45:35.465] [exthost] [info] ExtensionService#_doActivateExtension vscode.emmet {"startup":true,"extensionId":{"value":"vscode.emmet","_lower":"vscode.emmet"},"activationEvent":"*"}
[2021-01-28 16:45:35.465] [exthost] [info] ExtensionService#loadCommonJSModule file:///Applications/Visual Studio Code.app/Contents/Resources/app/extensions/emmet/dist/node/emmetNodeMain
[2021-01-28 16:45:35.489] [exthost] [info] ExtensionService#_doActivateExtension vscode.git {"startup":true,"extensionId":{"value":"vscode.github","_lower":"vscode.github"},"activationEvent":"*"}
[2021-01-28 16:45:35.489] [exthost] [info] ExtensionService#loadCommonJSModule file:///Applications/Visual Studio Code.app/Contents/Resources/app/extensions/git/dist/main
[2021-01-28 16:45:35.525] [exthost] [info] ExtensionService#_doActivateExtension vscode.merge-conflict {"startup":true,"extensionId":{"value":"vscode.merge-conflict","_lower":"vscode.merge-conflict"},"activationEvent":"*"}
[2021-01-28 16:45:35.525] [exthost] [info] ExtensionService#loadCommonJSModule file:///Applications/Visual Studio Code.app/Contents/Resources/app/extensions/merge-conflict/dist/mergeConflictMain
[2021-01-28 16:45:35.528] [exthost] [info] ExtensionService#_doActivateExtension vscode.search-result {"startup":true,"extensionId":{"value":"vscode.search-result","_lower":"vscode.search-result"},"activationEvent":"*"}
[2021-01-28 16:45:35.528] [exthost] [info] ExtensionService#loadCommonJSModule file:///Applications/Visual Studio Code.app/Contents/Resources/app/extensions/search-result/dist/extension.js
[2021-01-28 16:45:35.529] [exthost] [info] ExtensionService#_doActivateExtension CoenraadS.bracket-pair-colorizer-2 {"startup":true,"extensionId":{"value":"CoenraadS.bracket-pair-colorizer-2","_lower":"coenraads.bracket-pair-colorizer-2"},"activationEvent":"*"}
[2021-01-28 16:45:35.529] [exthost] [info] ExtensionService#loadCommonJSModule file:///Users/badger/.vscode/extensions/coenraads.bracket-pair-colorizer-2-0.2.0/out/src/extension
[2021-01-28 16:45:35.545] [exthost] [info] ExtensionService#_doActivateExtension cweijan.vscode-mysql-client2 {"startup":true,"extensionId":{"value":"cweijan.vscode-mysql-client2","_lower":"cweijan.vscode-mysql-client2"},"activationEvent":"*"}
[2021-01-28 16:45:35.545] [exthost] [info] ExtensionService#loadCommonJSModule file:///Users/badger/.vscode/extensions/cweijan.vscode-mysql-client2-3.4.3/out/extension
[2021-01-28 16:45:35.848] [exthost] [info] ExtensionService#_doActivateExtension ms-vsliveshare.vsliveshare {"startup":true,"extensionId":{"value":"ms-vsliveshare.vsliveshare","_lower":"ms-vsliveshare.vsliveshare"},"activationEvent":"*"}
[2021-01-28 16:45:35.849] [exthost] [info] ExtensionService#loadCommonJSModule file:///Users/badger/.vscode/extensions/ms-vsliveshare.vsliveshare-1.0.3577/out/prod/extension-prod
[2021-01-28 16:45:36.187] [exthost] [info] ExtensionService#_doActivateExtension ms-vscode.js-debug {"startup":false,"extensionId":{"value":"ms-vscode.js-debug","_lower":"ms-vscode.js-debug"},"activationEvent":"onCommand:extension.js-debug.clearAutoAttachVariables"}
[2021-01-28 16:45:36.187] [exthost] [info] ExtensionService#loadCommonJSModule file:///Applications/Visual Studio Code.app/Contents/Resources/app/extensions/ms-vscode.js-debug/src/extension.js
[2021-01-28 16:45:36.489] [exthost] [info] ExtensionService#_doActivateExtension vscode.github-authentication {"startup":false,"extensionId":{"value":"vscode.github-authentication","_lower":"vscode.github-authentication"},"activationEvent":"onAuthenticationRequest:github"}
[2021-01-28 16:45:36.490] [exthost] [info] ExtensionService#loadCommonJSModule file:///Applications/Visual Studio Code.app/Contents/Resources/app/extensions/github-authentication/dist/extension.js
[2021-01-28 16:45:37.223] [exthost] [error] Activating extension ms-vsliveshare.vsliveshare failed due to an error:
[2021-01-28 16:45:37.223] [exthost] [error] Error: Agent terminated with exit code: 0 and signal null: A fatal error occurred. The required library libhostfxr.dylib could not be found.
If this is a self-contained application, that library should exist in [/Users/badger/.vscode/extensions/ms-vsliveshare.vsliveshare-1.0.3577/dotnet_modules/].
If this is a framework-dependent application, install the runtime in the global location [/usr/local/share/dotnet] or use the DOTNET_ROOT environment variable to specify the runtime location or register the runtime location in [/etc/dotnet/install_location].

The .NET Core runtime can be found at:
  - https://aka.ms/dotnet-core-applaunch?missing_runtime=true&arch=x64&rid=osx.10.16-x64
	at ChildProcess.<anonymous> (/Users/badger/.vscode/extensions/ms-vsliveshare.vsliveshare-1.0.3577/out/prod/extension-prod.js:185904:32)
	at ChildProcess.emit (events.js:228:7)
	at maybeClose (internal/child_process.js:1021:16)
	at Socket.<anonymous> (internal/child_process.js:430:11)
	at Socket.emit (events.js:223:5)
	at Pipe.<anonymous> (net.js:664:12)
[2021-01-28 16:45:37.227] [exthost] [info] ExtensionService#_doActivateExtension vscode.github {"startup":true,"extensionId":{"value":"vscode.github","_lower":"vscode.github"},"activationEvent":"*"}
[2021-01-28 16:45:37.228] [exthost] [info] ExtensionService#loadCommonJSModule file:///Applications/Visual Studio Code.app/Contents/Resources/app/extensions/github/dist/extension.js
[2021-01-28 16:45:37.240] [exthost] [info] eager extensions activated
[2021-01-28 16:45:37.242] [exthost] [info] ExtensionService#_doActivateExtension dbaeumer.vscode-eslint {"startup":false,"extensionId":{"value":"dbaeumer.vscode-eslint","_lower":"dbaeumer.vscode-eslint"},"activationEvent":"onStartupFinished"}
[2021-01-28 16:45:37.242] [exthost] [info] ExtensionService#loadCommonJSModule file:///Users/badger/.vscode/extensions/dbaeumer.vscode-eslint-2.1.14/client/out/extension
